<?xml version="1.0" encoding="UTF-8"?>
<testng-results ignored="0" total="1" passed="1" failed="0" skipped="0">
  <reporter-output>
  </reporter-output>
  <suite started-at="2025-09-24T13:40:38 IST" name="Default suite" finished-at="2025-09-24T13:40:41 IST" duration-ms="3031">
    <groups>
    </groups>
    <test started-at="2025-09-24T13:40:38 IST" name="Default test" finished-at="2025-09-24T13:40:41 IST" duration-ms="3031">
      <class name="learning.TC37_Filedownloads">
        <test-method is-config="true" signature="setup()[pri:0, instance:learning.TC37_Filedownloads@34e9fd99]" started-at="2025-09-24T13:40:38 IST" name="setup" finished-at="2025-09-24T13:40:41 IST" duration-ms="2825" status="PASS">
          <reporter-output>
          </reporter-output>
        </test-method> <!-- setup -->
        <test-method signature="test_filedownload()[pri:0, instance:learning.TC37_Filedownloads@34e9fd99]" started-at="2025-09-24T13:40:41 IST" name="test_filedownload" finished-at="2025-09-24T13:40:41 IST" duration-ms="172" status="PASS">
          <reporter-output>
          </reporter-output>
        </test-method> <!-- test_filedownload -->
      </class> <!-- learning.TC37_Filedownloads -->
    </test> <!-- Default test -->
  </suite> <!-- Default suite -->
</testng-results>
